Microsoft (R) Macro Assembler Version 6.11		    08/30/23 11:30:46
src\prac.asm						     Page 1 - 1


				;	Author:     221003350 Ariel Sischy
				;	Computer Science 3B - P0X
				.386
				.MODEL FLAT ; Flat memory model
				.STACK 4096 ; 4096 bytes

				INCLUDE io.inc ; Directive to use the IO Library
			      C ;
			      C ; Simple I/O Routines - Version 2
			      C ;
			      C 
			      C IFNDEF IO_INC
 = 1			      C IO_INC equ <1>
			      C 
			      C OutputStr PROTO NEAR32 STDCALL :DWORD
			      C OutputInt PROTO NEAR32 STDCALL :DWORD
			      C OutputFloat PROTO NEAR32 STDCALL :DWORD
			      C OutputFloat8 PROTO NEAR32 STDCALL :QWORD
			      C InputInt PROTO NEAR32 STDCALL
			      C InputStr PROTO NEAR32 STDCALL :DWORD, :DWORD
			      C 
			      C ELSE
			      C ENDIF
			      C 

				; Exit function
				ExitProcess PROTO NEAR32 stdcall, dwExitCode:DWORD

				; The data section stores all global variables
 00000000			.DATA
 00000000  00000004 [		marks DWORD 4 DUP (90,74,40,42)
	    0000005A
	    0000004A
	    00000028
	    0000002A
	   ]
				; The code section may contain multiple tags such as _start, which is the entry
				; point of this assembly program

 00000000			.CODE

 00000000			_funcS PROC NEAR32

 00000000  55				PUSH ebp
 00000001  8B EC			MOV ebp, esp
 00000003  83 EC 08			SUB esp, 8

 00000006  53				PUSH ebx
 00000007  51				PUSH ecx
 00000008  52				PUSH edx
 00000009  9C				PUSHFD

 0000000A  8D 1D 00000000 R		LEA ebx, marks
 00000010  8B 4D 10			MOV ecx, [ebp+16]

 00000013				startLoopx:

					INVOKE InputInt

 00000018  0F AF 03			IMUL eax, [ebx]

					
 0000001B  89 4D FC			MOV [ebp-4], ecx
 0000001E  B9 00000064			MOV ecx, 100
 00000023  99				cdq
					DIV [ebx]
src\prac.asm(44): error A2023: instruction operand must have size
 00000024  8B 4D FC			MOV ecx, [ebp-4]
					

 00000027  89 03			MOV [ebx], eax
 00000029  01 45 08			ADD [ebp+8], eax

 0000002C  83 C3 04			ADD ebx, 4
 0000002F  E2 E2			LOOP startLoopx


 00000031  8B 45 08			MOV eax, [ebp+8]





 00000034  9D				POPFD
 00000035  5A				POP edx
 00000036  59				POP ecx
 00000037  5B				POP ebx

 00000038  8B E5			MOV esp, ebp
 0000003A  5D				POP ebp

 0000003B  C3				RET


 0000003C			_funcS ENDP


 0000003C			_start:
 0000003C
 0000003C  55				PUSH ebp
 0000003D  8B EC			MOV ebp, esp
 0000003F  83 EC 0C			SUB esp, 12
 00000042  6A 04			PUSH 4
 00000044  6A 00			PUSH 0
 00000046  6A 00			PUSH 0

 00000048  E8 FFFFFFB3			CALL _funcS

					INVOKE OutputInt, eax
 00000053  8B E5			MOV esp, ebp
 00000055  5D				POP ebp
					
					
					INVOKE ExitProcess, 0
 0000005D			Public _start
				END
Microsoft (R) Macro Assembler Version 6.11		    08/30/23 11:30:46
src\prac.asm						     Symbols 2 - 1




Segments and Groups:

                N a m e                 Size     Length   Align   Combine Class

FLAT . . . . . . . . . . . . . .	GROUP
STACK  . . . . . . . . . . . . .	32 Bit	 00001000 DWord	  Stack	  'STACK'	 
_DATA  . . . . . . . . . . . . .	32 Bit	 00000040 DWord	  Public  'DATA'	
_TEXT  . . . . . . . . . . . . .	32 Bit	 0000005D DWord	  Public  'CODE'	


Procedures,  parameters and locals:

                N a m e                 Type     Value    Attr

$$$$$$00002  . . . . . . . . . .	P Near	 0000003C _TEXT	Length= 00000021 Private
ExitProcess  . . . . . . . . . .	P Near	 00000000 FLAT	Length= 00000000 External STDCALL
InputInt . . . . . . . . . . . .	P Near	 00000000 FLAT	Length= 00000000 External STDCALL
InputStr . . . . . . . . . . . .	P Near	 00000000 FLAT	Length= 00000000 External STDCALL
OutputFloat8 . . . . . . . . . .	P Near	 00000000 FLAT	Length= 00000000 External STDCALL
OutputFloat  . . . . . . . . . .	P Near	 00000000 FLAT	Length= 00000000 External STDCALL
OutputInt  . . . . . . . . . . .	P Near	 00000000 FLAT	Length= 00000000 External STDCALL
OutputStr  . . . . . . . . . . .	P Near	 00000000 FLAT	Length= 00000000 External STDCALL
_funcS . . . . . . . . . . . . .	P Near	 00000000 _TEXT	Length= 0000003C Public
  startLoopx . . . . . . . . . .	L Near	 00000013 _TEXT	


Symbols:

                N a m e                 Type     Value    Attr

@CodeSize  . . . . . . . . . . .	Number	 00000000h   
@DataSize  . . . . . . . . . . .	Number	 00000000h   
@Interface . . . . . . . . . . .	Number	 00000000h   
@Model . . . . . . . . . . . . .	Number	 00000007h   
@code  . . . . . . . . . . . . .	Text   	 _TEXT
@data  . . . . . . . . . . . . .	Text   	 FLAT
@fardata?  . . . . . . . . . . .	Text   	 FLAT
@fardata . . . . . . . . . . . .	Text   	 FLAT
@stack . . . . . . . . . . . . .	Text   	 FLAT
IO_INC . . . . . . . . . . . . .	Text   	 1
_start . . . . . . . . . . . . .	L Near	 0000003C _TEXT	Public
marks  . . . . . . . . . . . . .	DWord	 00000000 _DATA	

	   0 Warnings
	   1 Errors
